<?xml version="1.0" encoding="UTF-8"?>
<testng-results ignored="0" total="1" passed="1" failed="0" skipped="0">
  <reporter-output>
  </reporter-output>
  <suite started-at="2024-07-12T22:22:09 IST" name="Default suite" finished-at="2024-07-12T22:22:41 IST" duration-ms="32073">
    <groups>
    </groups>
    <test started-at="2024-07-12T22:22:09 IST" name="Default test" finished-at="2024-07-12T22:22:41 IST" duration-ms="32073">
      <class name="Campaign.CreateCampaignTest">
        <test-method is-config="true" signature="BeforeSuite()[pri:0, instance:Campaign.CreateCampaignTest@272113c4]" started-at="2024-07-12T22:22:09 IST" name="BeforeSuite" finished-at="2024-07-12T22:22:09 IST" duration-ms="17" status="PASS">
          <reporter-output>
          </reporter-output>
        </test-method> <!-- BeforeSuite -->
        <test-method is-config="true" signature="BeforeTest()[pri:0, instance:Campaign.CreateCampaignTest@272113c4]" started-at="2024-07-12T22:22:09 IST" name="BeforeTest" finished-at="2024-07-12T22:22:09 IST" duration-ms="2" status="PASS">
          <reporter-output>
          </reporter-output>
        </test-method> <!-- BeforeTest -->
        <test-method is-config="true" signature="BeforeClass()[pri:0, instance:Campaign.CreateCampaignTest@272113c4]" started-at="2024-07-12T22:22:09 IST" name="BeforeClass" finished-at="2024-07-12T22:22:13 IST" duration-ms="4591" status="PASS">
          <reporter-output>
          </reporter-output>
        </test-method> <!-- BeforeClass -->
        <test-method is-config="true" signature="BeforeMethod()[pri:0, instance:Campaign.CreateCampaignTest@272113c4]" started-at="2024-07-12T22:22:13 IST" name="BeforeMethod" finished-at="2024-07-12T22:22:19 IST" duration-ms="5907" status="PASS">
          <reporter-output>
          </reporter-output>
        </test-method> <!-- BeforeMethod -->
        <test-method signature="CreateCampaignTest()[pri:0, instance:Campaign.CreateCampaignTest@272113c4]" started-at="2024-07-12T22:22:19 IST" name="CreateCampaignTest" finished-at="2024-07-12T22:22:37 IST" duration-ms="17421" status="PASS">
          <reporter-output>
          </reporter-output>
        </test-method> <!-- CreateCampaignTest -->
        <test-method is-config="true" signature="AfterMethod()[pri:0, instance:Campaign.CreateCampaignTest@272113c4]" started-at="2024-07-12T22:22:37 IST" name="AfterMethod" finished-at="2024-07-12T22:22:40 IST" duration-ms="3490" status="PASS">
          <reporter-output>
          </reporter-output>
        </test-method> <!-- AfterMethod -->
        <test-method is-config="true" signature="AfterClass()[pri:0, instance:Campaign.CreateCampaignTest@272113c4]" started-at="2024-07-12T22:22:40 IST" name="AfterClass" finished-at="2024-07-12T22:22:41 IST" duration-ms="563" status="PASS">
          <reporter-output>
          </reporter-output>
        </test-method> <!-- AfterClass -->
        <test-method is-config="true" signature="AfterTest()[pri:0, instance:Campaign.CreateCampaignTest@272113c4]" started-at="2024-07-12T22:22:41 IST" name="AfterTest" finished-at="2024-07-12T22:22:41 IST" duration-ms="0" status="PASS">
          <reporter-output>
          </reporter-output>
        </test-method> <!-- AfterTest -->
        <test-method is-config="true" signature="AfterSuite()[pri:0, instance:Campaign.CreateCampaignTest@272113c4]" started-at="2024-07-12T22:22:41 IST" name="AfterSuite" finished-at="2024-07-12T22:22:41 IST" duration-ms="2" status="PASS">
          <reporter-output>
          </reporter-output>
        </test-method> <!-- AfterSuite -->
      </class> <!-- Campaign.CreateCampaignTest -->
    </test> <!-- Default test -->
  </suite> <!-- Default suite -->
</testng-results>
